[debug] > Exec(early(addDefaultCommands), None, None)
[debug] > Exec(addDefaultCommands, None, None)
[debug] > Exec(early(initialize), None, None)
[debug] > Exec(initialize, None, None)
[debug] > Exec(--addPluginSbtFile=C:\Users\gantosik\AppData\Local\Temp\idea.sbt, None, None)
[debug] > Exec(addPluginSbtFile=C:\Users\gantosik\AppData\Local\Temp\idea.sbt, None, None)
[debug] > Exec(boot, None, None)
[debug] > Exec(writeSbtVersion, None, None)
[debug] > Exec(reload, None, None)
[debug] > Exec(sbtStashOnFailure, None, None)
[debug] > Exec(onFailure loadFailed, None, None)
[debug] > Exec(loadp, None, None)
[info] welcome to sbt 1.4.3 (JetBrains s.r.o Java 11.0.4)
[debug]       Load.loadUnit: plugins took 233.649ms
[debug]       Load.loadUnit: defsScala took 0.7071ms
[debug] [Loading] Scanning directory C:\Users\gantosik\.sbt\1.0\plugins
[debug] [Loading] Found non-root projects 
[debug] [Loading] Done in C:\Users\gantosik\.sbt\1.0\plugins, returning: ()
[debug] deducing auto plugins based on known facts Set(Atom(sbt.plugins.CorePlugin)) and clauses Clauses(List(Clause(Atom(sbt.plugins.JvmPlugin),Set(Atom(sbt.plugins.IvyPlugin))), Clause(Atom(sbt.ScriptedPlugin),Set(Atom(sbt.plugins.JvmPlugin))), Clause(Atom(sbt.plugins.SbtPlugin),Set(Atom(sbt.ScriptedPlugin))), Clause(Atom(sbt.plugins.SemanticdbPlugin),Set(Atom(sbt.plugins.JvmPlugin))), Clause(Atom(sbt.plugins.JUnitXmlReportPlugin),Set(Atom(sbt.plugins.JvmPlugin))), Clause(Atom(sbt.plugins.MiniDependencyTreePlugin),Set(Atom(sbt.plugins.JvmPlugin))), Clause(Atom(sbt.plugins.CorePlugin),Set(Atom(sbt.plugins.IvyPlugin))), Clause(Atom(sbt.plugins.IvyPlugin),Set(Atom(sbt.plugins.JvmPlugin))), Clause(Atom(sbt.plugins.JvmPlugin),Set(Atom(sbt.plugins.SemanticdbPlugin))), Clause(Atom(sbt.plugins.JvmPlugin),Set(Atom(sbt.plugins.JUnitXmlReportPlugin))), Clause(Atom(sbt.plugins.CorePlugin),Set(Atom(sbt.plugins.Giter8TemplatePlugin))), Clause(Atom(sbt.plugins.JvmPlugin),Set(Atom(sbt.plugins.MiniDependencyTreePlugin)))))
[debug]   :: deduced result: Matched(sbt.plugins.CorePlugin,sbt.plugins.Giter8TemplatePlugin,sbt.plugins.IvyPlugin,sbt.plugins.JvmPlugin,sbt.plugins.MiniDependencyTreePlugin,sbt.plugins.JUnitXmlReportPlugin,sbt.plugins.SemanticdbPlugin)
[debug] Plugins.deducer#function took 192.8719 ms
[debug]           Load.resolveProject(global-plugins) took 101.0884ms
[debug]         Load.loadTransitive: finalizeProject(Project(id global-plugins, base: C:\Users\gantosik\.sbt\1.0\plugins, plugins: List(<none>))) took 359.4688ms
[debug] [Loading] Done in C:\Users\gantosik\.sbt\1.0\plugins, returning: (global-plugins)
[debug]       Load.loadUnit: loadedProjectsRaw took 413.854ms
[debug]       Load.loadUnit: cleanEvalClasses took 0.5193ms
[debug]     Load.loadUnit(file:/C:/Users/gantosik/.sbt/1.0/plugins/, ...) took 668.5689ms
[debug]   Load.apply: load took 1038.8471ms
[debug]   Load.apply: resolveProjects took 15.1338ms
[debug]   Load.apply: finalTransforms took 127.2019ms
[debug]   Load.apply: config.delegates took 21.5311ms
[debug]   Load.apply: Def.make(settings)... took 2091.2567ms
[debug]   Load.apply: structureIndex took 523.6585ms
[debug]   Load.apply: mkStreams took 5.2833ms
[info] loading global plugins from C:\Users\gantosik\.sbt\1.0\plugins
[debug] Running task... Cancel: Signal, check cycles: false, forcegc: true
[debug] Load.defaultLoad until apply took 18070.345ms
[debug]           Load.loadUnit: plugins took 27.9234ms
[debug]           Load.loadUnit: defsScala took 0.0024ms
[debug] [Loading] Scanning directory C:\Users\gantosik\IdeaProjects\untitled4\project
[debug]             Load.loadUnit: mkEval took 9.1995ms
[debug] [Loading] Found non-root projects 
[debug] [Loading] Done in C:\Users\gantosik\IdeaProjects\untitled4\project, returning: ()
[debug] deducing auto plugins based on known facts Set(Atom(sbt.plugins.CorePlugin)) and clauses Clauses(List(Clause(Atom(sbt.plugins.JvmPlugin),Set(Atom(sbt.plugins.IvyPlugin))), Clause(Atom(sbt.ScriptedPlugin),Set(Atom(sbt.plugins.JvmPlugin))), Clause(Atom(sbt.plugins.SbtPlugin),Set(Atom(sbt.ScriptedPlugin))), Clause(Atom(sbt.plugins.SemanticdbPlugin),Set(Atom(sbt.plugins.JvmPlugin))), Clause(Atom(sbt.plugins.JUnitXmlReportPlugin),Set(Atom(sbt.plugins.JvmPlugin))), Clause(Atom(sbt.plugins.MiniDependencyTreePlugin),Set(Atom(sbt.plugins.JvmPlugin))), Clause(Atom(sbt.plugins.CorePlugin),Set(Atom(sbt.plugins.IvyPlugin))), Clause(Atom(sbt.plugins.IvyPlugin),Set(Atom(sbt.plugins.JvmPlugin))), Clause(Atom(sbt.plugins.JvmPlugin),Set(Atom(sbt.plugins.SemanticdbPlugin))), Clause(Atom(sbt.plugins.JvmPlugin),Set(Atom(sbt.plugins.JUnitXmlReportPlugin))), Clause(Atom(sbt.plugins.CorePlugin),Set(Atom(sbt.plugins.Giter8TemplatePlugin))), Clause(Atom(sbt.plugins.JvmPlugin),Set(Atom(sbt.plugins.MiniDependencyTreePlugin)))))
[debug]   :: deduced result: Matched(sbt.plugins.CorePlugin,sbt.plugins.Giter8TemplatePlugin,sbt.plugins.IvyPlugin,sbt.plugins.JvmPlugin,sbt.plugins.MiniDependencyTreePlugin,sbt.plugins.JUnitXmlReportPlugin,sbt.plugins.SemanticdbPlugin)
[debug] Plugins.deducer#function took 6.0672 ms
[info] loading settings for project untitled4-build from idea.sbt ...
[debug]               Load.resolveProject(untitled4-build) took 217.576ms
[debug]             Load.loadTransitive: finalizeProject(Project(id untitled4-build, base: C:\Users\gantosik\IdeaProjects\untitled4\project, plugins: List(<none>))) took 224.8162ms
[debug] [Loading] Done in C:\Users\gantosik\IdeaProjects\untitled4\project, returning: (untitled4-build)
[debug]           Load.loadUnit: loadedProjectsRaw took 5584.9542ms
[debug]           Load.loadUnit: cleanEvalClasses took 12.7364ms
[debug]         Load.loadUnit(file:/C:/Users/gantosik/IdeaProjects/untitled4/project/, ...) took 5626.8395ms
[debug]       Load.apply: load took 5630.1886ms
[debug]       Load.apply: resolveProjects took 0.2875ms
[debug]       Load.apply: finalTransforms took 39.0858ms
[debug]       Load.apply: config.delegates took 0.8929ms
[debug]       Load.apply: Def.make(settings)... took 814.316ms
[debug]       Load.apply: structureIndex took 123.1678ms
[debug]       Load.apply: mkStreams took 0.0141ms
[info] loading project definition from C:\Users\gantosik\IdeaProjects\untitled4\project
[debug] Running task... Cancel: Signal, check cycles: false, forcegc: true
[debug]     Load.loadUnit: plugins took 9020.6561ms
[debug]     Load.loadUnit: defsScala took 0.0041ms
[debug] [Loading] Scanning directory C:\Users\gantosik\IdeaProjects\untitled4
[debug]       Load.loadUnit: mkEval took 0.4137ms
[debug] [Loading] Found non-root projects 
[debug] [Loading] Done in C:\Users\gantosik\IdeaProjects\untitled4, returning: ()
[debug] deducing auto plugins based on known facts Set(Atom(sbt.plugins.CorePlugin)) and clauses Clauses(List(Clause(Atom(sbt.plugins.JvmPlugin),Set(Atom(sbt.plugins.IvyPlugin))), Clause(Atom(sbt.ScriptedPlugin),Set(Atom(sbt.plugins.JvmPlugin))), Clause(Atom(sbt.plugins.SbtPlugin),Set(Atom(sbt.ScriptedPlugin))), Clause(Atom(sbt.plugins.SemanticdbPlugin),Set(Atom(sbt.plugins.JvmPlugin))), Clause(Atom(sbt.plugins.JUnitXmlReportPlugin),Set(Atom(sbt.plugins.JvmPlugin))), Clause(Atom(sbt.plugins.MiniDependencyTreePlugin),Set(Atom(sbt.plugins.JvmPlugin))), Clause(Atom(org.jetbrains.sbt.StructurePlugin),Set(Atom(sbt.plugins.JvmPlugin))), Clause(Atom(org.jetbrains.sbt.IdeaShellPlugin),Set(Atom(sbt.plugins.JvmPlugin))), Clause(Atom(org.jetbrains.sbt.indices.SbtIntellijIndicesPlugin),Set(Atom(sbt.plugins.JvmPlugin))), Clause(Atom(sbt.plugins.CorePlugin),Set(Atom(sbt.plugins.IvyPlugin))), Clause(Atom(sbt.plugins.IvyPlugin),Set(Atom(sbt.plugins.JvmPlugin))), Clause(Atom(sbt.plugins.JvmPlugin),Set(Atom(sbt.plugins.SemanticdbPlugin))), Clause(Atom(sbt.plugins.JvmPlugin),Set(Atom(sbt.plugins.JUnitXmlReportPlugin))), Clause(Atom(sbt.plugins.CorePlugin),Set(Atom(sbt.plugins.Giter8TemplatePlugin))), Clause(Atom(sbt.plugins.JvmPlugin),Set(Atom(sbt.plugins.MiniDependencyTreePlugin))), Clause(Atom(sbt.plugins.JvmPlugin),Set(Atom(org.jetbrains.sbt.StructurePlugin))), Clause(Atom(sbt.plugins.JvmPlugin),Set(Atom(org.jetbrains.sbt.IdeaShellPlugin))), Clause(And(Set(Atom(sbt.plugins.CorePlugin), Atom(sbt.plugins.JvmPlugin))),Set(Atom(org.jetbrains.sbt.indices.SbtIntellijIndicesPlugin)))))
[debug]   :: deduced result: Matched(sbt.plugins.CorePlugin,sbt.plugins.Giter8TemplatePlugin,sbt.plugins.IvyPlugin,sbt.plugins.JvmPlugin,sbt.plugins.SemanticdbPlugin,org.jetbrains.sbt.indices.SbtIntellijIndicesPlugin,sbt.plugins.JUnitXmlReportPlugin,org.jetbrains.sbt.IdeaShellPlugin,org.jetbrains.sbt.StructurePlugin,sbt.plugins.MiniDependencyTreePlugin)
[debug] Plugins.deducer#function took 7.9822 ms
[info] loading settings for project untitled4 from build.sbt ...
[debug]         Load.resolveProject(untitled4) took 108.8754ms
[debug]       Load.loadTransitive: finalizeProject(Project(id untitled4, base: C:\Users\gantosik\IdeaProjects\untitled4, plugins: List(<none>))) took 120.1941ms
[debug] [Loading] Done in C:\Users\gantosik\IdeaProjects\untitled4, returning: (untitled4)
[debug]     Load.loadUnit: loadedProjectsRaw took 4126.0307ms
[debug]     Load.loadUnit: cleanEvalClasses took 49.1375ms
[debug]   Load.loadUnit(file:/C:/Users/gantosik/IdeaProjects/untitled4/, ...) took 13203.0081ms
[debug] Load.apply: load took 13208.2653ms
[debug] Load.apply: resolveProjects took 0.7587ms
[debug] Load.apply: finalTransforms took 91.6355ms
[debug] Load.apply: config.delegates took 0.7836ms
[debug] Load.apply: Def.make(settings)... took 279.1777ms
[debug] Load.apply: structureIndex took 103.4392ms
[debug] Load.apply: mkStreams took 0.0036ms
[info] set current project to untitled4 (in build file:/C:/Users/gantosik/IdeaProjects/untitled4/)
[debug] > Exec(sbtPopOnFailure, None, None)
[debug] > Exec(resumeFromFailure, None, None)
[debug] > Exec(notifyUsersAboutShell, None, None)
[debug] > Exec(iflast shell, None, None)
[debug] > Exec(; set ideaPort in Global := 56172 ; idea-shell, None, None)
[debug] > Exec(set ideaPort in Global := 56172, None, None)
[info] Defining Global / ideaPort
[info] The new value will be used by Compile / compile, Test / compile
[debug] Defining 
[debug] 	Global / ideaPort
[debug] 
[debug] The new value will be used by 
[debug] 	Compile / compile
[debug] 	Test / compile
[info] Reapplying settings...
[info] set current project to untitled4 (in build file:/C:/Users/gantosik/IdeaProjects/untitled4/)
[debug] > Exec(idea-shell, None, None)
